
==== Top 50: Redundant Traces (descending) ====

[JaroWinklerSimilarity] Collection_UnsafeIterator @ TrieMap.java:168: 4232 Unique Traces, 17535151 Redundant Traces, 4232 Preserved, 17535151 Remained
[TurkishMorphologicalDisambiguation] Iterator_HasNext @ FsmMorphologicalAnalyzer.java:662: 20 Unique Traces, 5234725 Redundant Traces, 19 Preserved, 5234725 Remained
[TurkishMorphologicalDisambiguation] Iterator_RemoveOnce @ FsmMorphologicalAnalyzer.java:662: 19 Unique Traces, 3767112 Redundant Traces, 19 Preserved, 3767112 Remained
[java-vector-tile] Collections_SortBeforeBinarySearch @ VectorTileDecoder.java:137: 245 Unique Traces, 2003944 Redundant Traces, 245 Preserved, 2003944 Remained
[TurkishWordNet] Collections_SortBeforeBinarySearch @ SynSet.java:384: 215 Unique Traces, 1850772 Redundant Traces, 215 Preserved, 1850772 Remained
[java-vector-tile] Collections_SortBeforeBinarySearch @ VectorTile.java:1658: 243 Unique Traces, 1014613 Redundant Traces, 243 Preserved, 1014613 Remained
[JaroWinklerSimilarity] Iterator_HasNext @ TrieMap.java:148: 179 Unique Traces, 20178289 Redundant Traces, 6 Preserved, 1009050 Remained
[JaroWinklerSimilarity] Iterator_RemoveOnce @ TrieMap.java:149: 126 Unique Traces, 20178342 Redundant Traces, 7 Preserved, 789993 Remained
[QLExpress] Collection_UnsynchronizedAddAll @ QLMatchResult.java:25: 1499 Unique Traces, 643671 Redundant Traces, 1498 Preserved, 643671 Remained
[TurkishMorphologicalDisambiguation] Collection_UnsafeIterator @ FiniteStateMachine.java:148: 141 Unique Traces, 559519 Redundant Traces, 141 Preserved, 559519 Remained
[TurkishMorphologicalDisambiguation] Iterator_HasNext @ FiniteStateMachine.java:148: 141 Unique Traces, 559519 Redundant Traces, 141 Preserved, 559519 Remained
[TurkishMorphologicalDisambiguation] Iterator_RemoveOnce @ FiniteStateMachine.java:148: 141 Unique Traces, 559519 Redundant Traces, 141 Preserved, 559519 Remained
[TurkishSpellChecker] Map_UnsafeIterator @ NGramNode.java:150: 372 Unique Traces, 509244 Redundant Traces, 372 Preserved, 509244 Remained
[Jaba] Collection_UnsafeIterator @ AhoCorasickDoubleArrayTrie.java:804: 301 Unique Traces, 497812 Redundant Traces, 301 Preserved, 497812 Remained
[Jaba] Iterator_HasNext @ AhoCorasickDoubleArrayTrie.java:804: 301 Unique Traces, 497812 Redundant Traces, 301 Preserved, 497811 Remained
[attoparser] Collections_SortBeforeBinarySearch @ TraceBuilderMarkupHandler.java:91: 130 Unique Traces, 9650096 Redundant Traces, 8 Preserved, 482664 Remained
[TurkishSpellChecker] Iterator_HasNext @ FsmMorphologicalAnalyzer.java:662: 20 Unique Traces, 464137 Redundant Traces, 20 Preserved, 464137 Remained
[QLExpress] Collection_UnsynchronizedAddAll @ QLMatchResultTree.java:43: 2993 Unique Traces, 423807 Redundant Traces, 2993 Preserved, 423807 Remained
[rtree-multi] Collection_UnsafeIterator @ SplitterQuadratic.java:83: 182 Unique Traces, 341583 Redundant Traces, 181 Preserved, 341583 Remained
[TurkishSpellChecker] Iterator_RemoveOnce @ FsmMorphologicalAnalyzer.java:662: 19 Unique Traces, 330935 Redundant Traces, 19 Preserved, 330934 Remained
[QLExpress] Collections_SortBeforeBinarySearch @ QLPattern.java:226: 918 Unique Traces, 321760 Redundant Traces, 918 Preserved, 321760 Remained
[QLExpress] Collection_UnsynchronizedAddAll @ QLPattern.java:226: 1754 Unique Traces, 320924 Redundant Traces, 1754 Preserved, 320924 Remained
[time-series-math] Collections_SortBeforeBinarySearch @ DynamicTimeWarpingDistance.java:241: 270344 Unique Traces, 320194 Redundant Traces, 270343 Preserved, 320194 Remained
[TurkishSpellChecker] Collection_UnsafeIterator @ NGramNode.java:150: 371 Unique Traces, 254437 Redundant Traces, 371 Preserved, 254437 Remained
[TurkishSpellChecker] Collection_UnsafeIterator @ NGramNode.java:187: 371 Unique Traces, 254437 Redundant Traces, 371 Preserved, 254437 Remained
[TurkishSpellChecker] Iterator_HasNext @ NGramNode.java:150: 371 Unique Traces, 254437 Redundant Traces, 371 Preserved, 254437 Remained
[TurkishSpellChecker] Iterator_HasNext @ NGramNode.java:187: 371 Unique Traces, 254437 Redundant Traces, 371 Preserved, 254437 Remained
[TurkishSpellChecker] Iterator_RemoveOnce @ NGramNode.java:150: 371 Unique Traces, 254437 Redundant Traces, 371 Preserved, 254437 Remained
[orientdb-jdbc] Map_UnsafeIterator @ ORecordSerializerBinaryV0.java:229: 2267 Unique Traces, 250008 Redundant Traces, 2267 Preserved, 250008 Remained
[orientdb-jdbc] Map_UnsafeIterator @ ODatabaseDocumentTx.java:1021: 471365 Unique Traces, 244867 Redundant Traces, 471365 Preserved, 244867 Remained
[QLExpress] Map_UnsafeIterator @ InstructionSet.java:156: 22 Unique Traces, 220799 Redundant Traces, 22 Preserved, 220799 Remained
[orientdb-jdbc] Map_UnsafeIterator @ ODocument.java:2345: 162 Unique Traces, 215852 Redundant Traces, 162 Preserved, 215852 Remained
[Jaba] Iterator_RemoveOnce @ AhoCorasickDoubleArrayTrie.java:804: 300 Unique Traces, 200769 Redundant Traces, 300 Preserved, 200769 Remained
[orientdb-jdbc] Map_UnsafeIterator @ OIndexManagerAbstract.java:348: 338861 Unique Traces, 185085 Redundant Traces, 338861 Preserved, 185085 Remained
[JaroWinklerSimilarity] Iterator_HasNext @ TrieMap.java:277: 173 Unique Traces, 3558795 Redundant Traces, 24 Preserved, 178423 Remained
[JaroWinklerSimilarity] Iterator_RemoveOnce @ TrieMap.java:278: 119 Unique Traces, 3558849 Redundant Traces, 12 Preserved, 178231 Remained
[JaroWinklerSimilarity] ListIterator_Set @ TrieMap.java:276: 173 Unique Traces, 3558795 Redundant Traces, 15 Preserved, 178109 Remained
[JaroWinklerSimilarity] ListIterator_RemoveOnce @ TrieMap.java:278: 173 Unique Traces, 3558795 Redundant Traces, 7 Preserved, 178047 Remained
[JaroWinklerSimilarity] ListIterator_hasNextPrevious @ TrieMap.java:277: 173 Unique Traces, 3558795 Redundant Traces, 10 Preserved, 177738 Remained
[JaroWinklerSimilarity] List_UnsafeListIterator @ TrieMap.java:276: 3968 Unique Traces, 3555000 Redundant Traces, 238 Preserved, 177721 Remained
[TurkishDeasciifier] Map_UnsafeIterator @ NGramNode.java:150: 1145 Unique Traces, 158110 Redundant Traces, 1145 Preserved, 158110 Remained
[QLExpress] StringBuilder_ThreadSafe @ QLPatternNode.java:167: 108 Unique Traces, 157026 Redundant Traces, 108 Preserved, 157026 Remained
[choco-graph] Collection_UnsafeIterator @ PropGirth.java:90: 100 Unique Traces, 3016845 Redundant Traces, 4 Preserved, 150904 Remained
[jieba-analysis] Collections_SortBeforeBinarySearch @ JiebaSegmenter.java:171: 23 Unique Traces, 140147 Redundant Traces, 23 Preserved, 140147 Remained
[TurkishMorphologicalDisambiguation] Collections_SortBeforeBinarySearch @ FsmMorphologicalAnalyzer.java:756: 20958 Unique Traces, 133146 Redundant Traces, 20958 Preserved, 133146 Remained
[JaroWinklerSimilarity] Collection_UnsafeIterator @ TrieMap.java:147: 1557 Unique Traces, 2637528 Redundant Traces, 89 Preserved, 131948 Remained
[dictomaton] Map_UnsafeIterator @ State.java:184: 22 Unique Traces, 6600034 Redundant Traces, 3 Preserved, 129998 Remained
[attoparser] Collection_UnsafeIterator @ MarkupParserTest.java:2062: 13 Unique Traces, 2473971 Redundant Traces, 1 Preserved, 124474 Remained
[attoparser] Appendable_ThreadSafe @ MarkupParserTest.java:1988: 13 Unique Traces, 2473971 Redundant Traces, 1 Preserved, 124260 Remained
[attoparser] StringBuilder_ThreadSafe @ MarkupParserTest.java:2064: 13 Unique Traces, 2473971 Redundant Traces, 1 Preserved, 124215 Remained

==== Top 50: Unique Traces - Preserved (descending) ====

[time-series-math] Collections_SortBeforeBinarySearch @ DynamicTimeWarpingDistance.java:240: 270344 Unique Traces, 320194 Redundant Traces, 14255 Preserved, 28918 Remained
[kiara] Collection_UnsafeIterator @ StoreLoader.java:115: 44627 Unique Traces, 160988 Redundant Traces, 2529 Preserved, 9928 Remained
[ASM-NonClassloadingExtensions] Collections_SortBeforeBinarySearch @ Analyzer.java:317: 40223 Unique Traces, 449748 Redundant Traces, 3652 Preserved, 32498 Remained
[rtree-multi] List_UnsynchronizedSubList @ RTree.java:394: 36043 Unique Traces, 110789 Redundant Traces, 1783 Preserved, 5443 Remained
[cassette-nibbler] Collection_UnsafeIterator @ SpectrumFileStateMachine.java:485: 26900 Unique Traces, 28285 Redundant Traces, 1375 Preserved, 1399 Remained
[kiara] Iterator_HasNext @ StoreLoader.java:115: 16665 Unique Traces, 188950 Redundant Traces, 863 Preserved, 11376 Remained
[cocolian-nlp] Map_UnsafeIterator @ NatureRecognitor.java:38: 15099 Unique Traces, 69285 Redundant Traces, 961 Preserved, 4208 Remained
[kiara] Iterator_RemoveOnce @ StoreLoader.java:115: 15686 Unique Traces, 70894 Redundant Traces, 1841 Preserved, 7493 Remained
[kiara] ListIterator_RemoveOnce @ StoreLoader.java:115: 15686 Unique Traces, 70894 Redundant Traces, 1854 Preserved, 7278 Remained
[progex] Collection_UnsafeIterator @ JavaDDGBuilder.java:396: 12113 Unique Traces, 82642 Redundant Traces, 634 Preserved, 4095 Remained
[progex] Collection_UnsafeIterator @ JavaDDGBuilder.java:417: 9063 Unique Traces, 85692 Redundant Traces, 634 Preserved, 4512 Remained
[QLExpress] Map_UnsafeIterator @ ExpressLoader.java:69: 110188 Unique Traces, 603 Redundant Traces, 104259 Preserved, 215 Remained
[cocolian-nlp] Collection_UnsafeIterator @ BellmanFordShortestPath.java:121: 5410 Unique Traces, 554836 Redundant Traces, 277 Preserved, 27597 Remained
[progex] Collection_UnsafeIterator @ JavaDDGBuilder.java:464: 5420 Unique Traces, 131431 Redundant Traces, 292 Preserved, 6647 Remained
[JaroWinklerSimilarity] List_UnsafeListIterator @ TrieMap.java:276: 3968 Unique Traces, 3555000 Redundant Traces, 238 Preserved, 177721 Remained
[progex] Collection_UnsafeIterator @ JavaDDGBuilder.java:383: 3823 Unique Traces, 90932 Redundant Traces, 305 Preserved, 4519 Remained
[cocolian-nlp] Map_UnsafeIterator @ BasicTermNatures.java:46: 3626 Unique Traces, 30510 Redundant Traces, 248 Preserved, 1477 Remained
[progex] Collection_UnsafeIterator @ JavaDDGBuilder.java:432: 2699 Unique Traces, 92056 Redundant Traces, 153 Preserved, 4631 Remained
[JaroWinklerSimilarity] Collection_UnsafeIterator @ TrieMap.java:147: 1557 Unique Traces, 2637528 Redundant Traces, 89 Preserved, 131948 Remained
[QLExpress] Collection_UnsynchronizedAddAll @ QLPattern.java:158: 1507 Unique Traces, 320870 Redundant Traces, 91 Preserved, 15961 Remained
[jlemmagen] Map_UnsafeIterator @ LemmaTreeNode.java:118: 1455 Unique Traces, 7215 Redundant Traces, 112 Preserved, 375 Remained
[jackcess] Collection_UnsafeIterator @ IndexPageCache.java:198: 1234 Unique Traces, 450 Redundant Traces, 55 Preserved, 24 Remained
[jackcess] Collection_UnsafeIterator @ IndexPageCache.java:123: 1177 Unique Traces, 515 Redundant Traces, 45 Preserved, 67 Remained
[btree4j] Collections_SortBeforeBinarySearch @ BTreeIndex.java:336: 1008 Unique Traces, 35553 Redundant Traces, 50 Preserved, 1798 Remained
[xeger] Collection_UnsafeIterator @ MinimizationOperations.java:331: 928 Unique Traces, 264933 Redundant Traces, 65 Preserved, 13196 Remained
[kiara] Collections_SortBeforeBinarySearch @ LogicalUtil.java:399: 9222 Unique Traces, 21 Redundant Traces, 8642 Preserved, 12 Remained
[QLExpress] Collections_SortBeforeBinarySearch @ QLPattern.java:158: 551 Unique Traces, 321826 Redundant Traces, 37 Preserved, 16113 Remained
[jackcess] Collection_UnsafeIterator @ IndexData.java:1175: 533 Unique Traces, 1809 Redundant Traces, 56 Preserved, 130 Remained
[jackcess] Collection_UnsafeIterator @ IndexData.java:1185: 537 Unique Traces, 1827 Redundant Traces, 61 Preserved, 136 Remained
[jieba-analysis] Arrays_SortBeforeBinarySearch @ DictSegment.java:225: 470 Unique Traces, 225612 Redundant Traces, 33 Preserved, 11244 Remained
[orientdb-jdbc] ArrayDeque_UnsafeIterator @ OWALChangesTree.java:374: 468 Unique Traces, 99532 Redundant Traces, 57 Preserved, 5011 Remained
[choco-graph] Iterator_HasNext @ PropACyclic.java:138: 458 Unique Traces, 250 Redundant Traces, 49 Preserved, 52 Remained
[orientdb-jdbc] Collection_UnsafeIterator @ OWALChangesTree.java:374: 444 Unique Traces, 39557 Redundant Traces, 68 Preserved, 2122 Remained
[PointCloudUtilities] Collections_SortBeforeBinarySearch @ Octree.java:290: 497 Unique Traces, 2941 Redundant Traces, 121 Preserved, 365 Remained
[TurkishSpellChecker] Map_UnsafeIterator @ NGramNode.java:187: 371 Unique Traces, 254437 Redundant Traces, 26 Preserved, 12812 Remained
[TurkishDeasciifier] Iterator_HasNext @ NGramNode.java:150: 371 Unique Traces, 95182 Redundant Traces, 33 Preserved, 4912 Remained
[TurkishSpellChecker] Iterator_RemoveOnce @ NGramNode.java:187: 371 Unique Traces, 254437 Redundant Traces, 34 Preserved, 12830 Remained
[dictomaton] Map_UnsafeIterator @ DictionaryBuilder.java:310: 334 Unique Traces, 2182 Redundant Traces, 24 Preserved, 216 Remained
[dictomaton] Collections_SortBeforeBinarySearch @ DictionaryBuilder.java:263: 382 Unique Traces, 878 Redundant Traces, 85 Preserved, 143 Remained
[Jaba] Iterator_HasNext @ AhoCorasickDoubleArrayTrie.java:743: 302 Unique Traces, 846857 Redundant Traces, 12 Preserved, 42639 Remained
[Jaba] Iterator_RemoveOnce @ AhoCorasickDoubleArrayTrie.java:950: 303 Unique Traces, 497811 Redundant Traces, 15 Preserved, 19985 Remained
[Jaba] Iterator_RemoveOnce @ AhoCorasickDoubleArrayTrie.java:945: 303 Unique Traces, 497811 Redundant Traces, 16 Preserved, 24700 Remained
[dictomaton] Iterator_RemoveOnce @ DictionaryBuilder.java:310: 333 Unique Traces, 925 Redundant Traces, 47 Preserved, 121 Remained
[Jaba] Collections_SortBeforeBinarySearch @ AhoCorasickDoubleArrayTrie.java:741: 301 Unique Traces, 348744 Redundant Traces, 15 Preserved, 17707 Remained
[Jaba] Collection_UnsafeIterator @ AhoCorasickDoubleArrayTrie.java:950: 303 Unique Traces, 497811 Redundant Traces, 18 Preserved, 24983 Remained
[Jaba] Iterator_HasNext @ AhoCorasickDoubleArrayTrie.java:950: 303 Unique Traces, 497811 Redundant Traces, 18 Preserved, 24901 Remained
[Jaba] Map_UnsafeIterator @ AhoCorasickDoubleArrayTrie.java:743: 302 Unique Traces, 846857 Redundant Traces, 17 Preserved, 42464 Remained
[Jaba] Collection_UnsafeIterator @ AhoCorasickDoubleArrayTrie.java:743: 302 Unique Traces, 846857 Redundant Traces, 18 Preserved, 42201 Remained
[Jaba] Collection_UnsafeIterator @ AhoCorasickDoubleArrayTrie.java:945: 303 Unique Traces, 497811 Redundant Traces, 19 Preserved, 24664 Remained
[choco-graph] Iterator_HasNext @ AbstractLengauerTarjanDominatorsFinder.java:269: 329 Unique Traces, 85 Redundant Traces, 51 Preserved, 5 Remained
